<?xml version="1.0" encoding="utf-8"?><testsuites name="pytest tests"><testsuite name="pytest" errors="1" failures="1" skipped="1" tests="73" time="4.666" timestamp="2026-06-09T19:05:50.596846+02:00" hostname="nvidia"><testcase classname="tests.test_agent" name="test_agent_health" time="0.137" /><testcase classname="tests.test_agent" name="test_agent_capabilities" time="0.027" /><testcase classname="tests.test_agent" name="test_agent_virtual_session_capture" time="0.659" /><testcase classname="tests.test_agent_api_contract" name="test_agent_health_envelope" time="0.035" /><testcase classname="tests.test_agent_api_contract" name="test_agent_capabilities_envelope" time="0.050" /><testcase classname="tests.test_agent_api_contract" name="test_flatten_envelope_for_sdk" time="0.001" /><testcase classname="tests.test_agent_client" name="test_use_agent_false_by_default" time="0.001" /><testcase classname="tests.test_agent_client" name="test_resolve_agent_url_auto_detects_live_agent" time="0.309" /><testcase classname="tests.test_agent_client" name="test_client_unreachable_raises" time="0.001" /><testcase classname="tests.test_agent_client" name="test_probe_retries_after_initial_miss" time="0.006" /><testcase classname="tests.test_agent_dispatch" name="test_dispatch_monitors_via_agent" time="0.011" /><testcase classname="tests.test_agent_dispatch" name="test_dsl_bus_uses_executor_when_agent_configured" time="0.001" /><testcase classname="tests.test_agent_integration" name="test_agent_client_round_trip_monitors" time="0.224" /><testcase classname="tests.test_agent_integration" name="test_dsl_dispatch_round_trip" time="0.324" /><testcase classname="tests.test_agent_integration" name="test_rest2vdisplay_round_trip" time="0.243"><skipped type="pytest.skip" message="could not import 'rest2vdisplay': No module named 'rest2vdisplay'">/home/tom/github/wronai/vdisplay/tests/test_agent_integration.py:35: could not import 'rest2vdisplay': No module named 'rest2vdisplay'</skipped></testcase><testcase classname="tests.test_agent_integration" name="test_virtual_screenshot_round_trip" time="0.733" /><testcase classname="tests.test_capture_crop" name="test_crop_png_extracts_region" time="0.002" /><testcase classname="tests.test_capture_crop" name="test_capture_display_png_region_uses_provider_engine" time="0.001" /><testcase classname="tests.test_capture_crop" name="test_is_blank_png_detects_black" time="0.001" /><testcase classname="tests.test_capture_providers" name="test_try_providers_prefers_first_non_blank" time="0.001" /><testcase classname="tests.test_capture_providers" name="test_list_capture_providers_includes_drm" time="0.001" /><testcase classname="tests.test_capture_providers" name="test_x11_provider_region_falls_back_to_crop" time="0.000" /><testcase classname="tests.test_capture_xwd" name="test_xwd_to_png_red_pixel" time="0.000" /><testcase classname="tests.test_capture_xwd" name="test_xwd_to_png_2x1" time="0.001" /><testcase classname="tests.test_capture_xwd" name="test_is_blank_png_detects_black_frame" time="0.001" /><testcase classname="tests.test_cli_commands" name="test_parser_has_discovery_commands" time="0.007" /><testcase classname="tests.test_cli_commands" name="test_monitors_command_registered" time="0.007" /><testcase classname="tests.test_cli_commands" name="test_windows_defaults_to_include_all" time="0.007" /><testcase classname="tests.test_cli_commands" name="test_windows_apps_only_flag" time="0.006" /><testcase classname="tests.test_cli_commands" name="test_payload_defaults_include_all" time="0.001" /><testcase classname="tests.test_cli_commands" name="test_all_command_structure" time="0.007" /><testcase classname="tests.test_client_request" name="test_route_command_health" time="0.000" /><testcase classname="tests.test_client_request" name="test_route_command_windows_query" time="0.000" /><testcase classname="tests.test_client_request" name="test_request_delegates_to_http" time="0.001" /><testcase classname="tests.test_command_contract" name="test_command_request_from_dsl_monitors" time="0.000" /><testcase classname="tests.test_command_contract" name="test_command_request_from_dsl_apps_only" time="0.000" /><testcase classname="tests.test_command_contract" name="test_command_result_envelope_success" time="0.000" /><testcase classname="tests.test_command_contract" name="test_command_result_envelope_failure" time="0.000" /><testcase classname="tests.test_command_contract" name="test_command_result_to_dsl_result" time="0.001" /><testcase classname="tests.test_execution_policy" name="test_execution_policy_routes_to_agent_when_url_set" time="0.001" /><testcase classname="tests.test_execution_policy" name="test_execution_policy_routes_local_inside_broker" time="0.001" /><testcase classname="tests.test_execution_policy" name="test_execution_policy_routes_local_without_url" time="0.001" /><testcase classname="tests.test_execution_policy" name="test_execute_health_local" time="0.001" /><testcase classname="tests.test_execution_policy" name="test_execute_monitors_via_agent" time="0.001" /><testcase classname="tests.test_host_capture" name="test_capture_host_png_prefers_mirror" time="0.007" /><testcase classname="tests.test_host_capture_errors" name="test_host_capture_error_mentions_screencast_on_wayland" time="0.001" /><testcase classname="tests.test_host_capture_errors" name="test_capture_host_png_records_inactive_screencast" time="0.001" /><testcase classname="tests.test_img2nl_enrich" name="test_enrich_screenshot_payload_adds_nl" time="0.001" /><testcase classname="tests.test_img2nl_enrich" name="test_execute_screenshot_enriches_when_img2nl_available" time="0.001" /><testcase classname="tests.test_img2nl_enrich" name="test_execute_screenshot_skip_img2nl" time="0.001" /><testcase classname="tests.test_import" name="test_imports" time="0.000" /><testcase classname="tests.test_import" name="test_platform_summary" time="0.000" /><testcase classname="tests.test_import" name="test_capabilities" time="0.000" /><testcase classname="tests.test_linux_xvfb_integration" name="test_virtual_display_screenshot" time="0.411" /><testcase classname="tests.test_mirror_primary" name="test_primary_output_from_xrandr" time="0.001" /><testcase classname="tests.test_mirror_primary" name="test_mirror_target_candidates_prefers_non_primary" time="0.000" /><testcase classname="tests.test_nl" name="test_describe_window_nl_application" time="0.000" /><testcase classname="tests.test_nl" name="test_describe_output_nl_with_apps" time="0.000" /><testcase classname="tests.test_nl" name="test_describe_output_nl_skips_internal_helpers" time="0.000" /><testcase classname="tests.test_nl" name="test_describe_output_nl_empty_monitor" time="0.000" /><testcase classname="tests.test_nl" name="test_window_center_on_output" time="0.000" /><testcase classname="tests.test_nl" name="test_assign_windows_to_monitors" time="0.000" /><testcase classname="tests.test_nl" name="test_ensure_monitor_ids" time="0.000" /><testcase classname="tests.test_nl" name="test_enrich_outputs_nl_adds_field" time="0.000" /><testcase classname="tests.test_nlp_pipeline" name="test_nl_to_dsl_monitors_on_display_zero" time="0.001" /><testcase classname="tests.test_nlp_pipeline" name="test_nl_to_dsl_windows" time="0.000" /><testcase classname="tests.test_nlp_pipeline" name="test_run_nl_prompt_dsl_only" time="0.000" /><testcase classname="tests.test_nlp_pipeline" name="test_run_nl_prompt_full_pipeline" time="0.001" /><testcase classname="tests.test_nlp_pipeline" name="test_dsl2vdisplay_monitors_matches_payload" time="0.000" /><testcase classname="tests.test_outputs_rotation" name="test_rotation_degrees_mapping" time="0.000" /><testcase classname="tests.test_outputs_rotation" name="test_parse_xrandr_query_rotation_from_sample" time="0.001" /><testcase classname="tests.test_portal_screencast" name="test_screencast_session_capture_requires_ready" time="0.000" /><testcase classname="tests.test_portal_screencast" name="test_host_capture_uses_active_screencast" time="0.002"><failure message="OSError: [Errno 9] Bad file descriptor">self = &lt;contextlib._GeneratorContextManager object at 0x7a557e50a890&gt;
typ = None, value = None, traceback = None

    def __exit__(self, typ, value, traceback):
        if typ is None:
            try:
&gt;               next(self.gen)
E               OSError: [Errno 9] Bad file descriptor

/usr/lib/python3.13/contextlib.py:148: OSError</failure></testcase><testcase classname="tests.test_portal_screencast" name="test_host_capture_uses_active_screencast" time="0.000"><error message="failed on teardown with &quot;OSError: [Errno 9] Bad file descriptor&quot;">self = &lt;contextlib._GeneratorContextManager object at 0x7a557c54b310&gt;
typ = None, value = None, traceback = None

    def __exit__(self, typ, value, traceback):
        if typ is None:
            try:
&gt;               next(self.gen)
E               OSError: [Errno 9] Bad file descriptor

/usr/lib/python3.13/contextlib.py:148: OSError</error></testcase><testcase time="0.014" /></testsuite></testsuites>